<?xml version="1.0" encoding="UTF-8"?>
<testsuite name="PageTest" tests="2" skipped="0" failures="0" errors="0" timestamp="2018-01-18T21:54:18" hostname="Mac12" time="0.076">
  <properties/>
  <testcase name="canAddSubpage" classname="PageTest" time="0.075"/>
  <testcase name="pageAsString" classname="PageTest" time="0.0"/>
  <system-out><![CDATA[]]></system-out>
  <system-err><![CDATA[]]></system-err>
</testsuite>
